<?xml version="1.0" encoding="UTF-8"?>
<testng-results ignored="0" total="1" passed="1" failed="0" skipped="0">
  <reporter-output>
  </reporter-output>
  <suite started-at="2024-11-14T10:06:05 IST" name="Default suite" finished-at="2024-11-14T10:06:08 IST" duration-ms="2484">
    <groups>
    </groups>
    <test started-at="2024-11-14T10:06:05 IST" name="Default test" finished-at="2024-11-14T10:06:08 IST" duration-ms="2484">
      <class name="restassuredExample.Postexample">
        <test-method signature="bddpostexample()[pri:0, instance:restassuredExample.Postexample@71ba6d4e]" started-at="2024-11-14T10:06:05 IST" name="bddpostexample" finished-at="2024-11-14T10:06:08 IST" duration-ms="2445" status="PASS">
          <reporter-output>
          </reporter-output>
        </test-method> <!-- bddpostexample -->
      </class> <!-- restassuredExample.Postexample -->
    </test> <!-- Default test -->
  </suite> <!-- Default suite -->
</testng-results>
