<?xml version="1.0" encoding="UTF-8"?>
<testng-results ignored="0" total="1" passed="1" failed="0" skipped="0">
  <reporter-output>
  </reporter-output>
  <suite started-at="2024-09-30T10:22:44 IST" name="Default suite" finished-at="2024-09-30T10:22:52 IST" duration-ms="8068">
    <groups>
    </groups>
    <test started-at="2024-09-30T10:22:44 IST" name="Default test" finished-at="2024-09-30T10:22:52 IST" duration-ms="8068">
      <class name="javapackage.Grc">
        <test-method is-config="true" signature="setup()[pri:0, instance:javapackage.Grc@59505b48]" started-at="2024-09-30T10:22:44 IST" name="setup" finished-at="2024-09-30T10:22:49 IST" duration-ms="4674" status="PASS">
          <reporter-output>
          </reporter-output>
        </test-method> <!-- setup -->
        <test-method signature="search()[pri:0, instance:javapackage.Grc@59505b48]" started-at="2024-09-30T10:22:49 IST" name="search" finished-at="2024-09-30T10:22:49 IST" duration-ms="179" status="PASS">
          <reporter-output>
          </reporter-output>
        </test-method> <!-- search -->
        <test-method is-config="true" signature="close()[pri:0, instance:javapackage.Grc@59505b48]" started-at="2024-09-30T10:22:49 IST" name="close" finished-at="2024-09-30T10:22:52 IST" duration-ms="3195" status="PASS">
          <reporter-output>
          </reporter-output>
        </test-method> <!-- close -->
      </class> <!-- javapackage.Grc -->
    </test> <!-- Default test -->
  </suite> <!-- Default suite -->
</testng-results>
