<?xml version="1.0" encoding="UTF-8"?>
<!-- Generated by org.testng.reporters.JUnitXMLReporter -->
<testsuite ignored="1" hostname="ACSL-LP-1883" failures="0" tests="1" name="Default test" time="2.484" errors="0" timestamp="2024-11-14T10:06:08 IST">
  <testcase classname="restassuredExample.Postexample" name="bddpostexample" time="2.445"/>
  <testcase classname="restassuredExample.Postexample" name="createemployee" time="0.0">
    <ignored/>
  </testcase> <!-- createemployee -->
</testsuite> <!-- Default test -->
