<?xml version="1.0" encoding="UTF-8"?>
<testng-results ignored="0" total="1" passed="1" failed="0" skipped="0">
  <reporter-output>
  </reporter-output>
  <suite started-at="2024-12-09T16:07:11 IST" name="Default suite" finished-at="2024-12-09T16:07:50 IST" duration-ms="39381">
    <groups>
    </groups>
    <test started-at="2024-12-09T16:07:11 IST" name="Default test" finished-at="2024-12-09T16:07:50 IST" duration-ms="39381">
      <class name="compliance.Shiftmaster">
        <test-method signature="shiftmaster()[pri:0, instance:compliance.Shiftmaster@71ba6d4e]" started-at="2024-12-09T16:07:11 IST" name="shiftmaster" finished-at="2024-12-09T16:07:50 IST" duration-ms="39328" status="PASS">
          <reporter-output>
          </reporter-output>
        </test-method> <!-- shiftmaster -->
      </class> <!-- compliance.Shiftmaster -->
    </test> <!-- Default test -->
  </suite> <!-- Default suite -->
</testng-results>
